<?xml version="1.0" encoding="UTF-8"?>
<!-- Generated by org.testng.reporters.JUnitXMLReporter -->
<testsuite ignored="0" hostname="rameshp-MacBook-Air.local" failures="0" tests="3" name="test1" time="46.22" errors="0" timestamp="2025-03-20T20:01:56 IST">
  <testcase classname="com.auto.tests.FirstTest" name="TC001_submitForm" time="3.848"/>
  <testcase classname="com.auto.tests.FirstTest" name="TC002_submitForm" time="3.127"/>
  <testcase classname="com.auto.tests.FirstTest" name="TC003_submitForm" time="7.459"/>
</testsuite> <!-- test1 -->
